  application.cpp
H:\ZPG\v.3\ZPG\ZPG\application.cpp(115,47): warning C4244: argument: const float se převádí na GLuint; může dojít ke ztrátě dat.
H:\ZPG\v.3\ZPG\ZPG\application.cpp(147,12): warning C4244: inicializování: double se převádí na int; může dojít ke ztrátě dat.
H:\ZPG\v.3\ZPG\ZPG\application.cpp(208,21): warning C4018: >=: signed/unsigned – neshoda
H:\ZPG\v.3\ZPG\ZPG\application.cpp(232,44): warning C4244: argument: size_t se převádí na float; může dojít ke ztrátě dat.
H:\ZPG\v.3\ZPG\ZPG\application.cpp(253,45): warning C4244: argument: const float se převádí na GLuint; může dojít ke ztrátě dat.
H:\ZPG\v.3\ZPG\ZPG\application.cpp(263,44): warning C4244: argument: const float se převádí na GLuint; může dojít ke ztrátě dat.
H:\ZPG\v.3\ZPG\ZPG\application.cpp(286,44): warning C4244: argument: const float se převádí na GLuint; může dojít ke ztrátě dat.
H:\ZPG\v.3\ZPG\ZPG\application.cpp(340,17): warning C4244: =: double se převádí na float; může dojít ke ztrátě dat.
H:\ZPG\v.3\ZPG\ZPG\application.cpp(341,17): warning C4244: =: double se převádí na float; může dojít ke ztrátě dat.
H:\ZPG\v.3\ZPG\ZPG\application.cpp(344,19): warning C4244: inicializování: double se převádí na float; může dojít ke ztrátě dat.
H:\ZPG\v.3\ZPG\ZPG\application.cpp(345,19): warning C4244: inicializování: double se převádí na float; může dojít ke ztrátě dat.
H:\ZPG\v.3\ZPG\ZPG\application.cpp(346,13): warning C4244: =: double se převádí na float; může dojít ke ztrátě dat.
H:\ZPG\v.3\ZPG\ZPG\application.cpp(347,13): warning C4244: =: double se převádí na float; může dojít ke ztrátě dat.
  camera.cpp
  drawableObject.cpp
  drawableObject.h
  Light.cpp
  main.cpp
  model.cpp
  Observer.cpp
  scene.cpp
  second.cpp
  ShaderLoader.cpp
  shaderProgram.cpp
  shaderProgram.h
  Subject.cpp
  VAO.cpp
  VBO.cpp
  Generování kódu...
H:\ZPG\v.3\ZPG\ZPG\shaderProgram.cpp(125,1): warning C4715: ShaderProgram::findLight: ne všechny cesty k ovládacím prvkům vrací hodnotu
Debug\drawableObject.obj : warning LNK4042: Objekt je zadaný víckrát. Nadbytečné se ignorují.
Debug\shaderProgram.obj : warning LNK4042: Objekt je zadaný víckrát. Nadbytečné se ignorují.
LINK : warning LNK4098: Výchozí knihovna MSVCRT je v konfliktu s použitím jiných knihoven. Použijte /NODEFAULTLIB:library.
  ZPG.vcxproj -> H:\ZPG\v.3\ZPG\Debug\ZPG.exe
